Determining if the pthread_create exist failed with the following output:
Change Dir: /home/hal9000/Workspace/SFND_Lidar_Obstacle_Detection/src/quiz/ransac/build/CMakeFiles/CMakeTmp

Run Build Command:"/usr/bin/make" "cmTC_13af0/fast"
/usr/bin/make -f CMakeFiles/cmTC_13af0.dir/build.make CMakeFiles/cmTC_13af0.dir/build
make[1]: Entering directory '/home/hal9000/Workspace/SFND_Lidar_Obstacle_Detection/src/quiz/ransac/build/CMakeFiles/CMakeTmp'
Building C object CMakeFiles/cmTC_13af0.dir/CheckSymbolExists.c.o
/usr/bin/cc    -o CMakeFiles/cmTC_13af0.dir/CheckSymbolExists.c.o   -c /home/hal9000/Workspace/SFND_Lidar_Obstacle_Detection/src/quiz/ransac/build/CMakeFiles/CMakeTmp/CheckSymbolExists.c
Linking C executable cmTC_13af0
/usr/bin/cmake -E cmake_link_script CMakeFiles/cmTC_13af0.dir/link.txt --verbose=1
/usr/bin/cc      -rdynamic CMakeFiles/cmTC_13af0.dir/CheckSymbolExists.c.o  -o cmTC_13af0 
CMakeFiles/cmTC_13af0.dir/CheckSymbolExists.c.o: In function `main':
CheckSymbolExists.c:(.text+0x1b): undefined reference to `pthread_create'
collect2: error: ld returned 1 exit status
CMakeFiles/cmTC_13af0.dir/build.make:97: recipe for target 'cmTC_13af0' failed
make[1]: *** [cmTC_13af0] Error 1
make[1]: Leaving directory '/home/hal9000/Workspace/SFND_Lidar_Obstacle_Detection/src/quiz/ransac/build/CMakeFiles/CMakeTmp'
Makefile:126: recipe for target 'cmTC_13af0/fast' failed
make: *** [cmTC_13af0/fast] Error 2

File /home/hal9000/Workspace/SFND_Lidar_Obstacle_Detection/src/quiz/ransac/build/CMakeFiles/CMakeTmp/CheckSymbolExists.c:
/* */
#include <pthread.h>

int main(int argc, char** argv)
{
  (void)argv;
#ifndef pthread_create
  return ((int*)(&pthread_create))[argc];
#else
  (void)argc;
  return 0;
#endif
}

Determining if the function pthread_create exists in the pthreads failed with the following output:
Change Dir: /home/hal9000/Workspace/SFND_Lidar_Obstacle_Detection/src/quiz/ransac/build/CMakeFiles/CMakeTmp

Run Build Command:"/usr/bin/make" "cmTC_60425/fast"
/usr/bin/make -f CMakeFiles/cmTC_60425.dir/build.make CMakeFiles/cmTC_60425.dir/build
make[1]: Entering directory '/home/hal9000/Workspace/SFND_Lidar_Obstacle_Detection/src/quiz/ransac/build/CMakeFiles/CMakeTmp'
Building C object CMakeFiles/cmTC_60425.dir/CheckFunctionExists.c.o
/usr/bin/cc   -DCHECK_FUNCTION_EXISTS=pthread_create   -o CMakeFiles/cmTC_60425.dir/CheckFunctionExists.c.o   -c /usr/share/cmake-3.10/Modules/CheckFunctionExists.c
Linking C executable cmTC_60425
/usr/bin/cmake -E cmake_link_script CMakeFiles/cmTC_60425.dir/link.txt --verbose=1
/usr/bin/cc  -DCHECK_FUNCTION_EXISTS=pthread_create    -rdynamic CMakeFiles/cmTC_60425.dir/CheckFunctionExists.c.o  -o cmTC_60425 -lpthreads 
/usr/bin/ld: cannot find -lpthreads
collect2: error: ld returned 1 exit status
CMakeFiles/cmTC_60425.dir/build.make:97: recipe for target 'cmTC_60425' failed
make[1]: *** [cmTC_60425] Error 1
make[1]: Leaving directory '/home/hal9000/Workspace/SFND_Lidar_Obstacle_Detection/src/quiz/ransac/build/CMakeFiles/CMakeTmp'
Makefile:126: recipe for target 'cmTC_60425/fast' failed
make: *** [cmTC_60425/fast] Error 2


