Determining if the pthread_create exist failed with the following output:
Change Dir: /home/s-jin/Documents/SFND_Lidar_Obstacle_Detection/src/quiz/ransac/ransac/CMakeFiles/CMakeTmp

Run Build Command:"/usr/bin/make" "cmTC_ecdc0/fast"
/usr/bin/make -f CMakeFiles/cmTC_ecdc0.dir/build.make CMakeFiles/cmTC_ecdc0.dir/build
make[1]: Entering directory '/home/s-jin/Documents/SFND_Lidar_Obstacle_Detection/src/quiz/ransac/ransac/CMakeFiles/CMakeTmp'
Building C object CMakeFiles/cmTC_ecdc0.dir/CheckSymbolExists.c.o
/usr/bin/cc     -o CMakeFiles/cmTC_ecdc0.dir/CheckSymbolExists.c.o   -c /home/s-jin/Documents/SFND_Lidar_Obstacle_Detection/src/quiz/ransac/ransac/CMakeFiles/CMakeTmp/CheckSymbolExists.c
Linking C executable cmTC_ecdc0
/usr/bin/cmake -E cmake_link_script CMakeFiles/cmTC_ecdc0.dir/link.txt --verbose=1
/usr/bin/cc       CMakeFiles/cmTC_ecdc0.dir/CheckSymbolExists.c.o  -o cmTC_ecdc0 -rdynamic 
CMakeFiles/cmTC_ecdc0.dir/CheckSymbolExists.c.o: In function `main':
CheckSymbolExists.c:(.text+0x16): undefined reference to `pthread_create'
collect2: error: ld returned 1 exit status
CMakeFiles/cmTC_ecdc0.dir/build.make:97: recipe for target 'cmTC_ecdc0' failed
make[1]: *** [cmTC_ecdc0] Error 1
make[1]: Leaving directory '/home/s-jin/Documents/SFND_Lidar_Obstacle_Detection/src/quiz/ransac/ransac/CMakeFiles/CMakeTmp'
Makefile:126: recipe for target 'cmTC_ecdc0/fast' failed
make: *** [cmTC_ecdc0/fast] Error 2

File /home/s-jin/Documents/SFND_Lidar_Obstacle_Detection/src/quiz/ransac/ransac/CMakeFiles/CMakeTmp/CheckSymbolExists.c:
/* */
#include <pthread.h>

int main(int argc, char** argv)
{
  (void)argv;
#ifndef pthread_create
  return ((int*)(&pthread_create))[argc];
#else
  (void)argc;
  return 0;
#endif
}

Determining if the function pthread_create exists in the pthreads failed with the following output:
Change Dir: /home/s-jin/Documents/SFND_Lidar_Obstacle_Detection/src/quiz/ransac/ransac/CMakeFiles/CMakeTmp

Run Build Command:"/usr/bin/make" "cmTC_178a7/fast"
/usr/bin/make -f CMakeFiles/cmTC_178a7.dir/build.make CMakeFiles/cmTC_178a7.dir/build
make[1]: Entering directory '/home/s-jin/Documents/SFND_Lidar_Obstacle_Detection/src/quiz/ransac/ransac/CMakeFiles/CMakeTmp'
Building C object CMakeFiles/cmTC_178a7.dir/CheckFunctionExists.c.o
/usr/bin/cc    -DCHECK_FUNCTION_EXISTS=pthread_create   -o CMakeFiles/cmTC_178a7.dir/CheckFunctionExists.c.o   -c /usr/share/cmake-3.5/Modules/CheckFunctionExists.c
Linking C executable cmTC_178a7
/usr/bin/cmake -E cmake_link_script CMakeFiles/cmTC_178a7.dir/link.txt --verbose=1
/usr/bin/cc   -DCHECK_FUNCTION_EXISTS=pthread_create    CMakeFiles/cmTC_178a7.dir/CheckFunctionExists.c.o  -o cmTC_178a7 -rdynamic -lpthreads 
/usr/bin/ld: cannot find -lpthreads
collect2: error: ld returned 1 exit status
CMakeFiles/cmTC_178a7.dir/build.make:97: recipe for target 'cmTC_178a7' failed
make[1]: *** [cmTC_178a7] Error 1
make[1]: Leaving directory '/home/s-jin/Documents/SFND_Lidar_Obstacle_Detection/src/quiz/ransac/ransac/CMakeFiles/CMakeTmp'
Makefile:126: recipe for target 'cmTC_178a7/fast' failed
make: *** [cmTC_178a7/fast] Error 2


